<?xml version="1.0" encoding="UTF-8"?>
<coverage generated="1776008465814" clover="3.2.0">
  <project timestamp="1776008465814" name="All files">
    <metrics statements="32" coveredstatements="32" conditionals="44" coveredconditionals="40" methods="8" coveredmethods="8" elements="84" coveredelements="80" complexity="0" loc="32" ncloc="32" packages="1" files="1" classes="1"/>
    <file name="engineLogic.js" path="/home/ankit_tripathi/Projects/ez-presentation-ai/backend/utils/engineLogic.js">
      <metrics statements="32" coveredstatements="32" conditionals="44" coveredconditionals="40" methods="8" coveredmethods="8"/>
      <line num="4" count="16" type="cond" truecount="6" falsecount="0"/>
      <line num="5" count="3" type="cond" truecount="2" falsecount="0"/>
      <line num="9" count="13" type="cond" truecount="2" falsecount="0"/>
      <line num="10" count="2" type="cond" truecount="1" falsecount="1"/>
      <line num="13" count="78" type="cond" truecount="2" falsecount="0"/>
      <line num="14" count="12" type="stmt"/>
      <line num="15" count="12" type="cond" truecount="2" falsecount="0"/>
      <line num="16" count="12" type="stmt"/>
      <line num="17" count="12" type="stmt"/>
      <line num="19" count="12" type="cond" truecount="4" falsecount="0"/>
      <line num="20" count="3" type="stmt"/>
      <line num="21" count="3" type="stmt"/>
      <line num="22" count="3" type="stmt"/>
      <line num="23" count="7" type="cond" truecount="2" falsecount="0"/>
      <line num="24" count="3" type="stmt"/>
      <line num="25" count="3" type="cond" truecount="1" falsecount="1"/>
      <line num="29" count="3" type="cond" truecount="2" falsecount="0"/>
      <line num="30" count="1" type="stmt"/>
      <line num="33" count="3" type="stmt"/>
      <line num="34" count="3" type="stmt"/>
      <line num="36" count="2" type="stmt"/>
      <line num="37" count="2" type="stmt"/>
      <line num="38" count="2" type="cond" truecount="1" falsecount="1"/>
      <line num="41" count="2" type="cond" truecount="3" falsecount="1"/>
      <line num="42" count="2" type="stmt"/>
      <line num="45" count="3" type="stmt"/>
      <line num="46" count="2" type="stmt"/>
      <line num="49" count="9" type="cond" truecount="2" falsecount="0"/>
      <line num="50" count="9" type="stmt"/>
      <line num="51" count="3" type="cond" truecount="6" falsecount="0"/>
      <line num="52" count="2" type="stmt"/>
      <line num="56" count="7" type="cond" truecount="2" falsecount="0"/>
    </file>
  </project>
</coverage>
