<?xml version="1.0" encoding="UTF-8"?>
<coverage generated="1776322222424" clover="3.2.0">
  <project timestamp="1776322222424" name="All files">
    <metrics statements="63" coveredstatements="61" conditionals="56" coveredconditionals="51" methods="10" coveredmethods="10" elements="129" coveredelements="122" complexity="0" loc="63" ncloc="63" packages="1" files="1" classes="1"/>
    <file name="engineLogic.js" path="/home/ankit_tripathi/Projects/EZ-Final-Code/ez-presentation-ai/backend/utils/engineLogic.js">
      <metrics statements="63" coveredstatements="61" conditionals="56" coveredconditionals="51" methods="10" coveredmethods="10"/>
      <line num="2" count="17" type="stmt"/>
      <line num="3" count="17" type="cond" truecount="2" falsecount="0"/>
      <line num="4" count="17" type="stmt"/>
      <line num="5" count="17" type="stmt"/>
      <line num="8" count="17" type="cond" truecount="7" falsecount="0"/>
      <line num="9" count="2" type="stmt"/>
      <line num="10" count="2" type="stmt"/>
      <line num="18" count="15" type="cond" truecount="2" falsecount="0"/>
      <line num="19" count="15" type="cond" truecount="2" falsecount="0"/>
      <line num="20" count="15" type="cond" truecount="2" falsecount="0"/>
      <line num="22" count="15" type="stmt"/>
      <line num="25" count="15" type="stmt"/>
      <line num="26" count="81" type="stmt"/>
      <line num="27" count="81" type="cond" truecount="2" falsecount="0"/>
      <line num="29" count="15" type="stmt"/>
      <line num="30" count="15" type="stmt"/>
      <line num="33" count="15" type="cond" truecount="2" falsecount="0"/>
      <line num="34" count="1" type="stmt"/>
      <line num="35" count="1" type="stmt"/>
      <line num="36" count="1" type="stmt"/>
      <line num="37" count="1" type="stmt"/>
      <line num="38" count="1" type="stmt"/>
      <line num="39" count="1" type="stmt"/>
      <line num="43" count="15" type="cond" truecount="4" falsecount="0"/>
      <line num="44" count="6" type="stmt"/>
      <line num="46" count="6" type="stmt"/>
      <line num="47" count="11" type="cond" truecount="1" falsecount="1"/>
      <line num="48" count="11" type="stmt"/>
      <line num="50" count="6" type="stmt"/>
      <line num="52" count="6" type="cond" truecount="2" falsecount="0"/>
      <line num="53" count="1" type="stmt"/>
      <line num="54" count="1" type="stmt"/>
      <line num="57" count="7" type="stmt"/>
      <line num="58" count="5" type="stmt"/>
      <line num="60" count="7" type="stmt"/>
      <line num="64" count="5" type="stmt"/>
      <line num="67" count="5" type="cond" truecount="1" falsecount="1"/>
      <line num="68" count="5" type="stmt"/>
      <line num="69" count="5" type="stmt"/>
      <line num="70" count="5" type="stmt"/>
      <line num="74" count="7" type="stmt"/>
      <line num="75" count="5" type="stmt"/>
      <line num="76" count="5" type="stmt"/>
      <line num="78" count="5" type="stmt"/>
      <line num="80" count="7" type="stmt"/>
      <line num="87" count="9" type="stmt"/>
      <line num="88" count="9" type="cond" truecount="2" falsecount="0"/>
      <line num="90" count="9" type="cond" truecount="2" falsecount="0"/>
      <line num="92" count="3" type="cond" truecount="2" falsecount="0"/>
      <line num="93" count="3" type="stmt"/>
      <line num="95" count="3" type="cond" truecount="4" falsecount="0"/>
      <line num="96" count="1" type="stmt"/>
      <line num="97" count="1" type="stmt"/>
      <line num="100" count="3" type="cond" truecount="3" falsecount="2"/>
      <line num="101" count="0" type="stmt"/>
      <line num="102" count="0" type="stmt"/>
      <line num="107" count="9" type="cond" truecount="3" falsecount="1"/>
      <line num="108" count="9" type="cond" truecount="2" falsecount="0"/>
      <line num="109" count="9" type="stmt"/>
      <line num="112" count="9" type="stmt"/>
      <line num="113" count="9" type="stmt"/>
      <line num="114" count="9" type="stmt"/>
      <line num="116" count="9" type="stmt"/>
    </file>
  </project>
</coverage>
