{"/home/ankit_tripathi/Projects/EZ-Final-Code/ez-presentation-ai/backend/utils/engineLogic.js": {"path":"/home/ankit_tripathi/Projects/EZ-Final-Code/ez-presentation-ai/backend/utils/engineLogic.js","statementMap":{"0":{"start":{"line":2,"column":4},"end":{"line":2,"column":72}},"1":{"start":{"line":3,"column":4},"end":{"line":3,"column":90}},"2":{"start":{"line":4,"column":4},"end":{"line":4,"column":89}},"3":{"start":{"line":5,"column":4},"end":{"line":5,"column":70}},"4":{"start":{"line":8,"column":4},"end":{"line":16,"column":5}},"5":{"start":{"line":9,"column":8},"end":{"line":9,"column":131}},"6":{"start":{"line":10,"column":8},"end":{"line":15,"column":10}},"7":{"start":{"line":18,"column":22},"end":{"line":18,"column":49}},"8":{"start":{"line":19,"column":30},"end":{"line":19,"column":68}},"9":{"start":{"line":20,"column":23},"end":{"line":20,"column":53}},"10":{"start":{"line":22,"column":4},"end":{"line":22,"column":96}},"11":{"start":{"line":25,"column":22},"end":{"line":28,"column":6}},"12":{"start":{"line":26,"column":20},"end":{"line":26,"column":29}},"13":{"start":{"line":27,"column":8},"end":{"line":27,"column":36}},"14":{"start":{"line":29,"column":4},"end":{"line":29,"column":60}},"15":{"start":{"line":30,"column":4},"end":{"line":30,"column":79}},"16":{"start":{"line":33,"column":4},"end":{"line":40,"column":5}},"17":{"start":{"line":34,"column":8},"end":{"line":34,"column":139}},"18":{"start":{"line":35,"column":23},"end":{"line":35,"column":66}},"19":{"start":{"line":36,"column":8},"end":{"line":36,"column":41}},"20":{"start":{"line":37,"column":8},"end":{"line":37,"column":51}},"21":{"start":{"line":38,"column":8},"end":{"line":38,"column":60}},"22":{"start":{"line":39,"column":8},"end":{"line":39,"column":65}},"23":{"start":{"line":43,"column":4},"end":{"line":84,"column":5}},"24":{"start":{"line":44,"column":8},"end":{"line":44,"column":85}},"25":{"start":{"line":46,"column":27},"end":{"line":48,"column":43}},"26":{"start":{"line":47,"column":28},"end":{"line":47,"column":79}},"27":{"start":{"line":48,"column":28},"end":{"line":48,"column":42}},"28":{"start":{"line":50,"column":8},"end":{"line":50,"column":82}},"29":{"start":{"line":52,"column":8},"end":{"line":55,"column":9}},"30":{"start":{"line":53,"column":12},"end":{"line":53,"column":120}},"31":{"start":{"line":54,"column":12},"end":{"line":54,"column":87}},"32":{"start":{"line":57,"column":22},"end":{"line":57,"column":77}},"33":{"start":{"line":57,"column":57},"end":{"line":57,"column":73}},"34":{"start":{"line":58,"column":8},"end":{"line":58,"column":55}},"35":{"start":{"line":60,"column":32},"end":{"line":63,"column":11}},"36":{"start":{"line":60,"column":58},"end":{"line":63,"column":9}},"37":{"start":{"line":64,"column":8},"end":{"line":64,"column":79}},"38":{"start":{"line":67,"column":8},"end":{"line":71,"column":9}},"39":{"start":{"line":68,"column":28},"end":{"line":68,"column":81}},"40":{"start":{"line":68,"column":64},"end":{"line":68,"column":77}},"41":{"start":{"line":69,"column":12},"end":{"line":69,"column":163}},"42":{"start":{"line":70,"column":12},"end":{"line":70,"column":89}},"43":{"start":{"line":74,"column":31},"end":{"line":74,"column":89}},"44":{"start":{"line":74,"column":56},"end":{"line":74,"column":88}},"45":{"start":{"line":75,"column":8},"end":{"line":75,"column":98}},"46":{"start":{"line":76,"column":8},"end":{"line":76,"column":76}},"47":{"start":{"line":78,"column":8},"end":{"line":83,"column":10}},"48":{"start":{"line":80,"column":45},"end":{"line":80,"column":52}},"49":{"start":{"line":87,"column":4},"end":{"line":87,"column":68}},"50":{"start":{"line":88,"column":20},"end":{"line":88,"column":65}},"51":{"start":{"line":90,"column":4},"end":{"line":104,"column":5}},"52":{"start":{"line":92,"column":29},"end":{"line":92,"column":77}},"53":{"start":{"line":92,"column":46},"end":{"line":92,"column":76}},"54":{"start":{"line":93,"column":8},"end":{"line":93,"column":95}},"55":{"start":{"line":95,"column":8},"end":{"line":98,"column":9}},"56":{"start":{"line":96,"column":12},"end":{"line":96,"column":99}},"57":{"start":{"line":97,"column":12},"end":{"line":97,"column":30}},"58":{"start":{"line":100,"column":8},"end":{"line":103,"column":9}},"59":{"start":{"line":101,"column":12},"end":{"line":101,"column":115}},"60":{"start":{"line":102,"column":12},"end":{"line":102,"column":30}},"61":{"start":{"line":107,"column":4},"end":{"line":110,"column":5}},"62":{"start":{"line":108,"column":8},"end":{"line":108,"column":149}},"63":{"start":{"line":109,"column":8},"end":{"line":109,"column":102}},"64":{"start":{"line":112,"column":4},"end":{"line":112,"column":65}},"65":{"start":{"line":113,"column":4},"end":{"line":113,"column":61}},"66":{"start":{"line":114,"column":4},"end":{"line":114,"column":72}},"67":{"start":{"line":116,"column":4},"end":{"line":121,"column":6}}},"fnMap":{"0":{"name":"validateAndNormalizeChart","decl":{"start":{"line":1,"column":16},"end":{"line":1,"column":41}},"loc":{"start":{"line":1,"column":107},"end":{"line":122,"column":1}},"line":1},"1":{"name":"(anonymous_1)","decl":{"start":{"line":25,"column":33},"end":{"line":25,"column":34}},"loc":{"start":{"line":25,"column":38},"end":{"line":28,"column":5}},"line":25},"2":{"name":"(anonymous_2)","decl":{"start":{"line":47,"column":17},"end":{"line":47,"column":18}},"loc":{"start":{"line":47,"column":28},"end":{"line":47,"column":79}},"line":47},"3":{"name":"(anonymous_3)","decl":{"start":{"line":48,"column":20},"end":{"line":48,"column":21}},"loc":{"start":{"line":48,"column":28},"end":{"line":48,"column":42}},"line":48},"4":{"name":"(anonymous_4)","decl":{"start":{"line":57,"column":42},"end":{"line":57,"column":43}},"loc":{"start":{"line":57,"column":57},"end":{"line":57,"column":73}},"line":57},"5":{"name":"(anonymous_5)","decl":{"start":{"line":60,"column":49},"end":{"line":60,"column":50}},"loc":{"start":{"line":60,"column":58},"end":{"line":63,"column":9}},"line":60},"6":{"name":"(anonymous_6)","decl":{"start":{"line":68,"column":54},"end":{"line":68,"column":55}},"loc":{"start":{"line":68,"column":64},"end":{"line":68,"column":77}},"line":68},"7":{"name":"(anonymous_7)","decl":{"start":{"line":74,"column":51},"end":{"line":74,"column":52}},"loc":{"start":{"line":74,"column":56},"end":{"line":74,"column":88}},"line":74},"8":{"name":"(anonymous_8)","decl":{"start":{"line":80,"column":40},"end":{"line":80,"column":41}},"loc":{"start":{"line":80,"column":45},"end":{"line":80,"column":52}},"line":80},"9":{"name":"(anonymous_9)","decl":{"start":{"line":92,"column":41},"end":{"line":92,"column":42}},"loc":{"start":{"line":92,"column":46},"end":{"line":92,"column":76}},"line":92}},"branchMap":{"0":{"loc":{"start":{"line":1,"column":73},"end":{"line":1,"column":83}},"type":"default-arg","locations":[{"start":{"line":1,"column":81},"end":{"line":1,"column":83}}],"line":1},"1":{"loc":{"start":{"line":1,"column":85},"end":{"line":1,"column":105}},"type":"default-arg","locations":[{"start":{"line":1,"column":103},"end":{"line":1,"column":105}}],"line":1},"2":{"loc":{"start":{"line":3,"column":66},"end":{"line":3,"column":85}},"type":"binary-expr","locations":[{"start":{"line":3,"column":66},"end":{"line":3,"column":71}},{"start":{"line":3,"column":75},"end":{"line":3,"column":85}}],"line":3},"3":{"loc":{"start":{"line":8,"column":4},"end":{"line":16,"column":5}},"type":"if","locations":[{"start":{"line":8,"column":4},"end":{"line":16,"column":5}},{"start":{},"end":{}}],"line":8},"4":{"loc":{"start":{"line":8,"column":8},"end":{"line":8,"column":98}},"type":"binary-expr","locations":[{"start":{"line":8,"column":8},"end":{"line":8,"column":15}},{"start":{"line":8,"column":19},"end":{"line":8,"column":26}},{"start":{"line":8,"column":30},"end":{"line":8,"column":52}},{"start":{"line":8,"column":56},"end":{"line":8,"column":75}},{"start":{"line":8,"column":79},"end":{"line":8,"column":98}}],"line":8},"5":{"loc":{"start":{"line":12,"column":20},"end":{"line":12,"column":32}},"type":"binary-expr","locations":[{"start":{"line":12,"column":20},"end":{"line":12,"column":26}},{"start":{"line":12,"column":30},"end":{"line":12,"column":32}}],"line":12},"6":{"loc":{"start":{"line":14,"column":21},"end":{"line":14,"column":87}},"type":"binary-expr","locations":[{"start":{"line":14,"column":21},"end":{"line":14,"column":36}},{"start":{"line":14,"column":40},"end":{"line":14,"column":87}}],"line":14},"7":{"loc":{"start":{"line":18,"column":23},"end":{"line":18,"column":34}},"type":"binary-expr","locations":[{"start":{"line":18,"column":23},"end":{"line":18,"column":28}},{"start":{"line":18,"column":32},"end":{"line":18,"column":34}}],"line":18},"8":{"loc":{"start":{"line":19,"column":31},"end":{"line":19,"column":53}},"type":"binary-expr","locations":[{"start":{"line":19,"column":31},"end":{"line":19,"column":44}},{"start":{"line":19,"column":48},"end":{"line":19,"column":53}}],"line":19},"9":{"loc":{"start":{"line":20,"column":24},"end":{"line":20,"column":45}},"type":"binary-expr","locations":[{"start":{"line":20,"column":24},"end":{"line":20,"column":39}},{"start":{"line":20,"column":43},"end":{"line":20,"column":45}}],"line":20},"10":{"loc":{"start":{"line":27,"column":15},"end":{"line":27,"column":35}},"type":"cond-expr","locations":[{"start":{"line":27,"column":28},"end":{"line":27,"column":29}},{"start":{"line":27,"column":32},"end":{"line":27,"column":35}}],"line":27},"11":{"loc":{"start":{"line":33,"column":4},"end":{"line":40,"column":5}},"type":"if","locations":[{"start":{"line":33,"column":4},"end":{"line":40,"column":5}},{"start":{},"end":{}}],"line":33},"12":{"loc":{"start":{"line":43,"column":4},"end":{"line":84,"column":5}},"type":"if","locations":[{"start":{"line":43,"column":4},"end":{"line":84,"column":5}},{"start":{},"end":{}}],"line":43},"13":{"loc":{"start":{"line":43,"column":8},"end":{"line":43,"column":71}},"type":"binary-expr","locations":[{"start":{"line":43,"column":8},"end":{"line":43,"column":35}},{"start":{"line":43,"column":39},"end":{"line":43,"column":71}}],"line":43},"14":{"loc":{"start":{"line":47,"column":37},"end":{"line":47,"column":67}},"type":"binary-expr","locations":[{"start":{"line":47,"column":37},"end":{"line":47,"column":46}},{"start":{"line":47,"column":50},"end":{"line":47,"column":67}}],"line":47},"15":{"loc":{"start":{"line":52,"column":8},"end":{"line":55,"column":9}},"type":"if","locations":[{"start":{"line":52,"column":8},"end":{"line":55,"column":9}},{"start":{},"end":{}}],"line":52},"16":{"loc":{"start":{"line":67,"column":8},"end":{"line":71,"column":9}},"type":"if","locations":[{"start":{"line":67,"column":8},"end":{"line":71,"column":9}},{"start":{},"end":{}}],"line":67},"17":{"loc":{"start":{"line":88,"column":20},"end":{"line":88,"column":65}},"type":"cond-expr","locations":[{"start":{"line":88,"column":51},"end":{"line":88,"column":57}},{"start":{"line":88,"column":60},"end":{"line":88,"column":65}}],"line":88},"18":{"loc":{"start":{"line":90,"column":4},"end":{"line":104,"column":5}},"type":"if","locations":[{"start":{"line":90,"column":4},"end":{"line":104,"column":5}},{"start":{},"end":{}}],"line":90},"19":{"loc":{"start":{"line":92,"column":46},"end":{"line":92,"column":76}},"type":"binary-expr","locations":[{"start":{"line":92,"column":46},"end":{"line":92,"column":47}},{"start":{"line":92,"column":51},"end":{"line":92,"column":76}}],"line":92},"20":{"loc":{"start":{"line":95,"column":8},"end":{"line":98,"column":9}},"type":"if","locations":[{"start":{"line":95,"column":8},"end":{"line":98,"column":9}},{"start":{},"end":{}}],"line":95},"21":{"loc":{"start":{"line":95,"column":12},"end":{"line":95,"column":46}},"type":"binary-expr","locations":[{"start":{"line":95,"column":12},"end":{"line":95,"column":25}},{"start":{"line":95,"column":29},"end":{"line":95,"column":46}}],"line":95},"22":{"loc":{"start":{"line":100,"column":8},"end":{"line":103,"column":9}},"type":"if","locations":[{"start":{"line":100,"column":8},"end":{"line":103,"column":9}},{"start":{},"end":{}}],"line":100},"23":{"loc":{"start":{"line":100,"column":12},"end":{"line":100,"column":100}},"type":"binary-expr","locations":[{"start":{"line":100,"column":13},"end":{"line":100,"column":42}},{"start":{"line":100,"column":46},"end":{"line":100,"column":77}},{"start":{"line":100,"column":82},"end":{"line":100,"column":100}}],"line":100},"24":{"loc":{"start":{"line":107,"column":4},"end":{"line":110,"column":5}},"type":"if","locations":[{"start":{"line":107,"column":4},"end":{"line":110,"column":5}},{"start":{},"end":{}}],"line":107},"25":{"loc":{"start":{"line":107,"column":8},"end":{"line":107,"column":84}},"type":"binary-expr","locations":[{"start":{"line":107,"column":8},"end":{"line":107,"column":57}},{"start":{"line":107,"column":61},"end":{"line":107,"column":84}}],"line":107},"26":{"loc":{"start":{"line":108,"column":48},"end":{"line":108,"column":74}},"type":"binary-expr","locations":[{"start":{"line":108,"column":48},"end":{"line":108,"column":57}},{"start":{"line":108,"column":61},"end":{"line":108,"column":74}}],"line":108}},"s":{"0":17,"1":17,"2":17,"3":17,"4":17,"5":2,"6":2,"7":15,"8":15,"9":15,"10":15,"11":15,"12":81,"13":81,"14":15,"15":15,"16":15,"17":1,"18":1,"19":1,"20":1,"21":1,"22":1,"23":15,"24":6,"25":6,"26":11,"27":11,"28":6,"29":6,"30":1,"31":1,"32":5,"33":7,"34":5,"35":5,"36":7,"37":5,"38":5,"39":5,"40":2,"41":5,"42":5,"43":5,"44":7,"45":5,"46":5,"47":5,"48":7,"49":9,"50":9,"51":9,"52":3,"53":3,"54":3,"55":3,"56":1,"57":1,"58":3,"59":0,"60":0,"61":9,"62":9,"63":9,"64":9,"65":9,"66":9,"67":9},"f":{"0":17,"1":81,"2":11,"3":11,"4":7,"5":7,"6":2,"7":7,"8":7,"9":3},"b":{"0":[16],"1":[16],"2":[17,16],"3":[2,15],"4":[17,16,16,16,16],"5":[2,1],"6":[2,2],"7":[15,14],"8":[15,1],"9":[15,14],"10":[1,80],"11":[1,14],"12":[6,9],"13":[15,9],"14":[11,0],"15":[1,5],"16":[5,0],"17":[3,6],"18":[3,6],"19":[3,3],"20":[1,2],"21":[3,1],"22":[0,3],"23":[3,3,0],"24":[9,0],"25":[9,9],"26":[9,9]},"_coverageSchema":"1a1c01bbd47fc00a2c39e90264f33305004495a9","hash":"d58d5da3c7112db98ea31404cbcbc1d216973bd2"}
}
