{"/home/ankit_tripathi/Projects/ez-presentation-ai/backend/utils/engineLogic.js": {"path":"/home/ankit_tripathi/Projects/ez-presentation-ai/backend/utils/engineLogic.js","statementMap":{"0":{"start":{"line":4,"column":4},"end":{"line":6,"column":5}},"1":{"start":{"line":5,"column":8},"end":{"line":5,"column":91}},"2":{"start":{"line":9,"column":4},"end":{"line":11,"column":5}},"3":{"start":{"line":10,"column":8},"end":{"line":10,"column":114}},"4":{"start":{"line":10,"column":70},"end":{"line":10,"column":84}},"5":{"start":{"line":13,"column":22},"end":{"line":13,"column":53}},"6":{"start":{"line":13,"column":38},"end":{"line":13,"column":52}},"7":{"start":{"line":14,"column":22},"end":{"line":14,"column":33}},"8":{"start":{"line":15,"column":15},"end":{"line":15,"column":53}},"9":{"start":{"line":16,"column":23},"end":{"line":16,"column":42}},"10":{"start":{"line":17,"column":23},"end":{"line":17,"column":38}},"11":{"start":{"line":19,"column":4},"end":{"line":47,"column":5}},"12":{"start":{"line":20,"column":29},"end":{"line":20,"column":31}},"13":{"start":{"line":21,"column":29},"end":{"line":21,"column":31}},"14":{"start":{"line":22,"column":8},"end":{"line":27,"column":11}},"15":{"start":{"line":23,"column":12},"end":{"line":26,"column":13}},"16":{"start":{"line":24,"column":16},"end":{"line":24,"column":39}},"17":{"start":{"line":25,"column":16},"end":{"line":25,"column":69}},"18":{"start":{"line":29,"column":8},"end":{"line":31,"column":9}},"19":{"start":{"line":30,"column":12},"end":{"line":30,"column":100}},"20":{"start":{"line":33,"column":20},"end":{"line":33,"column":69}},"21":{"start":{"line":33,"column":56},"end":{"line":33,"column":65}},"22":{"start":{"line":34,"column":31},"end":{"line":34,"column":94}},"23":{"start":{"line":34,"column":55},"end":{"line":34,"column":93}},"24":{"start":{"line":36,"column":23},"end":{"line":36,"column":52}},"25":{"start":{"line":37,"column":25},"end":{"line":37,"column":57}},"26":{"start":{"line":38,"column":28},"end":{"line":38,"column":77}},"27":{"start":{"line":41,"column":8},"end":{"line":43,"column":9}},"28":{"start":{"line":42,"column":12},"end":{"line":42,"column":91}},"29":{"start":{"line":45,"column":34},"end":{"line":45,"column":89}},"30":{"start":{"line":45,"column":60},"end":{"line":45,"column":88}},"31":{"start":{"line":46,"column":8},"end":{"line":46,"column":112}},"32":{"start":{"line":49,"column":4},"end":{"line":54,"column":5}},"33":{"start":{"line":50,"column":29},"end":{"line":50,"column":78}},"34":{"start":{"line":50,"column":56},"end":{"line":50,"column":77}},"35":{"start":{"line":51,"column":8},"end":{"line":53,"column":9}},"36":{"start":{"line":52,"column":12},"end":{"line":52,"column":100}},"37":{"start":{"line":56,"column":4},"end":{"line":56,"column":119}}},"fnMap":{"0":{"name":"validateAndNormalizeChart","decl":{"start":{"line":2,"column":16},"end":{"line":2,"column":41}},"loc":{"start":{"line":2,"column":107},"end":{"line":57,"column":1}},"line":2},"1":{"name":"(anonymous_1)","decl":{"start":{"line":10,"column":65},"end":{"line":10,"column":66}},"loc":{"start":{"line":10,"column":70},"end":{"line":10,"column":84}},"line":10},"2":{"name":"(anonymous_2)","decl":{"start":{"line":13,"column":33},"end":{"line":13,"column":34}},"loc":{"start":{"line":13,"column":38},"end":{"line":13,"column":52}},"line":13},"3":{"name":"(anonymous_3)","decl":{"start":{"line":22,"column":28},"end":{"line":22,"column":29}},"loc":{"start":{"line":22,"column":38},"end":{"line":27,"column":9}},"line":22},"4":{"name":"(anonymous_4)","decl":{"start":{"line":33,"column":42},"end":{"line":33,"column":43}},"loc":{"start":{"line":33,"column":56},"end":{"line":33,"column":65}},"line":33},"5":{"name":"(anonymous_5)","decl":{"start":{"line":34,"column":50},"end":{"line":34,"column":51}},"loc":{"start":{"line":34,"column":55},"end":{"line":34,"column":93}},"line":34},"6":{"name":"(anonymous_6)","decl":{"start":{"line":45,"column":55},"end":{"line":45,"column":56}},"loc":{"start":{"line":45,"column":60},"end":{"line":45,"column":88}},"line":45},"7":{"name":"(anonymous_7)","decl":{"start":{"line":50,"column":47},"end":{"line":50,"column":48}},"loc":{"start":{"line":50,"column":56},"end":{"line":50,"column":77}},"line":50}},"branchMap":{"0":{"loc":{"start":{"line":2,"column":73},"end":{"line":2,"column":83}},"type":"default-arg","locations":[{"start":{"line":2,"column":81},"end":{"line":2,"column":83}}],"line":2},"1":{"loc":{"start":{"line":2,"column":85},"end":{"line":2,"column":105}},"type":"default-arg","locations":[{"start":{"line":2,"column":103},"end":{"line":2,"column":105}}],"line":2},"2":{"loc":{"start":{"line":4,"column":4},"end":{"line":6,"column":5}},"type":"if","locations":[{"start":{"line":4,"column":4},"end":{"line":6,"column":5}},{"start":{},"end":{}}],"line":4},"3":{"loc":{"start":{"line":4,"column":8},"end":{"line":4,"column":72}},"type":"binary-expr","locations":[{"start":{"line":4,"column":8},"end":{"line":4,"column":15}},{"start":{"line":4,"column":19},"end":{"line":4,"column":26}},{"start":{"line":4,"column":30},"end":{"line":4,"column":49}},{"start":{"line":4,"column":53},"end":{"line":4,"column":72}}],"line":4},"4":{"loc":{"start":{"line":5,"column":38},"end":{"line":5,"column":50}},"type":"binary-expr","locations":[{"start":{"line":5,"column":38},"end":{"line":5,"column":44}},{"start":{"line":5,"column":48},"end":{"line":5,"column":50}}],"line":5},"5":{"loc":{"start":{"line":9,"column":4},"end":{"line":11,"column":5}},"type":"if","locations":[{"start":{"line":9,"column":4},"end":{"line":11,"column":5}},{"start":{},"end":{}}],"line":9},"6":{"loc":{"start":{"line":10,"column":70},"end":{"line":10,"column":84}},"type":"binary-expr","locations":[{"start":{"line":10,"column":70},"end":{"line":10,"column":79}},{"start":{"line":10,"column":83},"end":{"line":10,"column":84}}],"line":10},"7":{"loc":{"start":{"line":13,"column":38},"end":{"line":13,"column":52}},"type":"binary-expr","locations":[{"start":{"line":13,"column":38},"end":{"line":13,"column":47}},{"start":{"line":13,"column":51},"end":{"line":13,"column":52}}],"line":13},"8":{"loc":{"start":{"line":15,"column":16},"end":{"line":15,"column":38}},"type":"binary-expr","locations":[{"start":{"line":15,"column":16},"end":{"line":15,"column":29}},{"start":{"line":15,"column":33},"end":{"line":15,"column":38}}],"line":15},"9":{"loc":{"start":{"line":19,"column":4},"end":{"line":47,"column":5}},"type":"if","locations":[{"start":{"line":19,"column":4},"end":{"line":47,"column":5}},{"start":{},"end":{}}],"line":19},"10":{"loc":{"start":{"line":19,"column":8},"end":{"line":19,"column":45}},"type":"binary-expr","locations":[{"start":{"line":19,"column":8},"end":{"line":19,"column":22}},{"start":{"line":19,"column":26},"end":{"line":19,"column":45}}],"line":19},"11":{"loc":{"start":{"line":23,"column":12},"end":{"line":26,"column":13}},"type":"if","locations":[{"start":{"line":23,"column":12},"end":{"line":26,"column":13}},{"start":{},"end":{}}],"line":23},"12":{"loc":{"start":{"line":25,"column":36},"end":{"line":25,"column":67}},"type":"binary-expr","locations":[{"start":{"line":25,"column":36},"end":{"line":25,"column":50}},{"start":{"line":25,"column":54},"end":{"line":25,"column":67}}],"line":25},"13":{"loc":{"start":{"line":29,"column":8},"end":{"line":31,"column":9}},"type":"if","locations":[{"start":{"line":29,"column":8},"end":{"line":31,"column":9}},{"start":{},"end":{}}],"line":29},"14":{"loc":{"start":{"line":38,"column":28},"end":{"line":38,"column":77}},"type":"binary-expr","locations":[{"start":{"line":38,"column":28},"end":{"line":38,"column":52}},{"start":{"line":38,"column":56},"end":{"line":38,"column":77}}],"line":38},"15":{"loc":{"start":{"line":41,"column":8},"end":{"line":43,"column":9}},"type":"if","locations":[{"start":{"line":41,"column":8},"end":{"line":43,"column":9}},{"start":{},"end":{}}],"line":41},"16":{"loc":{"start":{"line":41,"column":12},"end":{"line":41,"column":37}},"type":"binary-expr","locations":[{"start":{"line":41,"column":12},"end":{"line":41,"column":22}},{"start":{"line":41,"column":26},"end":{"line":41,"column":37}}],"line":41},"17":{"loc":{"start":{"line":49,"column":4},"end":{"line":54,"column":5}},"type":"if","locations":[{"start":{"line":49,"column":4},"end":{"line":54,"column":5}},{"start":{},"end":{}}],"line":49},"18":{"loc":{"start":{"line":51,"column":8},"end":{"line":53,"column":9}},"type":"if","locations":[{"start":{"line":51,"column":8},"end":{"line":53,"column":9}},{"start":{},"end":{}}],"line":51},"19":{"loc":{"start":{"line":51,"column":12},"end":{"line":51,"column":126}},"type":"binary-expr","locations":[{"start":{"line":51,"column":12},"end":{"line":51,"column":25}},{"start":{"line":51,"column":31},"end":{"line":51,"column":61}},{"start":{"line":51,"column":65},"end":{"line":51,"column":97}},{"start":{"line":51,"column":102},"end":{"line":51,"column":125}}],"line":51},"20":{"loc":{"start":{"line":56,"column":19},"end":{"line":56,"column":51}},"type":"cond-expr","locations":[{"start":{"line":56,"column":37},"end":{"line":56,"column":43}},{"start":{"line":56,"column":46},"end":{"line":56,"column":51}}],"line":56}},"s":{"0":16,"1":3,"2":13,"3":1,"4":2,"5":12,"6":78,"7":12,"8":12,"9":12,"10":12,"11":12,"12":3,"13":3,"14":3,"15":7,"16":3,"17":3,"18":3,"19":1,"20":2,"21":3,"22":2,"23":3,"24":2,"25":2,"26":2,"27":2,"28":2,"29":2,"30":3,"31":2,"32":9,"33":3,"34":9,"35":3,"36":2,"37":7},"f":{"0":16,"1":2,"2":78,"3":7,"4":3,"5":3,"6":3,"7":9},"b":{"0":[13],"1":[15],"2":[3,13],"3":[16,15,15,14],"4":[3,1],"5":[1,12],"6":[2,0],"7":[78,5],"8":[12,1],"9":[3,9],"10":[12,9],"11":[3,4],"12":[3,0],"13":[1,2],"14":[2,0],"15":[2,0],"16":[2,2],"17":[3,6],"18":[2,1],"19":[3,2,1,1],"20":[1,6]},"_coverageSchema":"1a1c01bbd47fc00a2c39e90264f33305004495a9","hash":"d2aeed86e09042602c7a4257cd225c1436550821"}
}
