TN:
SF:utils/engineLogic.js
FN:1,validateAndNormalizeChart
FN:25,(anonymous_1)
FN:47,(anonymous_2)
FN:48,(anonymous_3)
FN:57,(anonymous_4)
FN:60,(anonymous_5)
FN:68,(anonymous_6)
FN:74,(anonymous_7)
FN:80,(anonymous_8)
FN:92,(anonymous_9)
FNF:10
FNH:10
FNDA:17,validateAndNormalizeChart
FNDA:81,(anonymous_1)
FNDA:11,(anonymous_2)
FNDA:11,(anonymous_3)
FNDA:7,(anonymous_4)
FNDA:7,(anonymous_5)
FNDA:2,(anonymous_6)
FNDA:7,(anonymous_7)
FNDA:7,(anonymous_8)
FNDA:3,(anonymous_9)
DA:2,17
DA:3,17
DA:4,17
DA:5,17
DA:8,17
DA:9,2
DA:10,2
DA:18,15
DA:19,15
DA:20,15
DA:22,15
DA:25,15
DA:26,81
DA:27,81
DA:29,15
DA:30,15
DA:33,15
DA:34,1
DA:35,1
DA:36,1
DA:37,1
DA:38,1
DA:39,1
DA:43,15
DA:44,6
DA:46,6
DA:47,11
DA:48,11
DA:50,6
DA:52,6
DA:53,1
DA:54,1
DA:57,7
DA:58,5
DA:60,7
DA:64,5
DA:67,5
DA:68,5
DA:69,5
DA:70,5
DA:74,7
DA:75,5
DA:76,5
DA:78,5
DA:80,7
DA:87,9
DA:88,9
DA:90,9
DA:92,3
DA:93,3
DA:95,3
DA:96,1
DA:97,1
DA:100,3
DA:101,0
DA:102,0
DA:107,9
DA:108,9
DA:109,9
DA:112,9
DA:113,9
DA:114,9
DA:116,9
LF:63
LH:61
BRDA:1,0,0,16
BRDA:1,1,0,16
BRDA:3,2,0,17
BRDA:3,2,1,16
BRDA:8,3,0,2
BRDA:8,3,1,15
BRDA:8,4,0,17
BRDA:8,4,1,16
BRDA:8,4,2,16
BRDA:8,4,3,16
BRDA:8,4,4,16
BRDA:12,5,0,2
BRDA:12,5,1,1
BRDA:14,6,0,2
BRDA:14,6,1,2
BRDA:18,7,0,15
BRDA:18,7,1,14
BRDA:19,8,0,15
BRDA:19,8,1,1
BRDA:20,9,0,15
BRDA:20,9,1,14
BRDA:27,10,0,1
BRDA:27,10,1,80
BRDA:33,11,0,1
BRDA:33,11,1,14
BRDA:43,12,0,6
BRDA:43,12,1,9
BRDA:43,13,0,15
BRDA:43,13,1,9
BRDA:47,14,0,11
BRDA:47,14,1,0
BRDA:52,15,0,1
BRDA:52,15,1,5
BRDA:67,16,0,5
BRDA:67,16,1,0
BRDA:88,17,0,3
BRDA:88,17,1,6
BRDA:90,18,0,3
BRDA:90,18,1,6
BRDA:92,19,0,3
BRDA:92,19,1,3
BRDA:95,20,0,1
BRDA:95,20,1,2
BRDA:95,21,0,3
BRDA:95,21,1,1
BRDA:100,22,0,0
BRDA:100,22,1,3
BRDA:100,23,0,3
BRDA:100,23,1,3
BRDA:100,23,2,0
BRDA:107,24,0,9
BRDA:107,24,1,0
BRDA:107,25,0,9
BRDA:107,25,1,9
BRDA:108,26,0,9
BRDA:108,26,1,9
BRF:56
BRH:51
end_of_record
