TN:
SF:utils/engineLogic.js
FN:2,validateAndNormalizeChart
FN:10,(anonymous_1)
FN:13,(anonymous_2)
FN:22,(anonymous_3)
FN:33,(anonymous_4)
FN:34,(anonymous_5)
FN:45,(anonymous_6)
FN:50,(anonymous_7)
FNF:8
FNH:8
FNDA:16,validateAndNormalizeChart
FNDA:2,(anonymous_1)
FNDA:78,(anonymous_2)
FNDA:7,(anonymous_3)
FNDA:3,(anonymous_4)
FNDA:3,(anonymous_5)
FNDA:3,(anonymous_6)
FNDA:9,(anonymous_7)
DA:4,16
DA:5,3
DA:9,13
DA:10,2
DA:13,78
DA:14,12
DA:15,12
DA:16,12
DA:17,12
DA:19,12
DA:20,3
DA:21,3
DA:22,3
DA:23,7
DA:24,3
DA:25,3
DA:29,3
DA:30,1
DA:33,3
DA:34,3
DA:36,2
DA:37,2
DA:38,2
DA:41,2
DA:42,2
DA:45,3
DA:46,2
DA:49,9
DA:50,9
DA:51,3
DA:52,2
DA:56,7
LF:32
LH:32
BRDA:2,0,0,13
BRDA:2,1,0,15
BRDA:4,2,0,3
BRDA:4,2,1,13
BRDA:4,3,0,16
BRDA:4,3,1,15
BRDA:4,3,2,15
BRDA:4,3,3,14
BRDA:5,4,0,3
BRDA:5,4,1,1
BRDA:9,5,0,1
BRDA:9,5,1,12
BRDA:10,6,0,2
BRDA:10,6,1,0
BRDA:13,7,0,78
BRDA:13,7,1,5
BRDA:15,8,0,12
BRDA:15,8,1,1
BRDA:19,9,0,3
BRDA:19,9,1,9
BRDA:19,10,0,12
BRDA:19,10,1,9
BRDA:23,11,0,3
BRDA:23,11,1,4
BRDA:25,12,0,3
BRDA:25,12,1,0
BRDA:29,13,0,1
BRDA:29,13,1,2
BRDA:38,14,0,2
BRDA:38,14,1,0
BRDA:41,15,0,2
BRDA:41,15,1,0
BRDA:41,16,0,2
BRDA:41,16,1,2
BRDA:49,17,0,3
BRDA:49,17,1,6
BRDA:51,18,0,2
BRDA:51,18,1,1
BRDA:51,19,0,3
BRDA:51,19,1,2
BRDA:51,19,2,1
BRDA:51,19,3,1
BRDA:56,20,0,1
BRDA:56,20,1,6
BRF:44
BRH:40
end_of_record
